C:\USERS\KUNG\DROPBOX\CG (1)\BEYOND_PROJECT\BEYOND_PROJECT\DEBUG\BEYOND_PROJECT.EXE.INTERMEDIATE.MANIFEST
C:\Users\kung\Dropbox\CG (1)\beyond_project\beyond_project\Debug\cl.command.1.tlog
C:\Users\kung\Dropbox\CG (1)\beyond_project\beyond_project\Debug\CL.read.1.tlog
C:\Users\kung\Dropbox\CG (1)\beyond_project\beyond_project\Debug\CL.write.1.tlog
C:\USERS\KUNG\DROPBOX\CG (1)\BEYOND_PROJECT\BEYOND_PROJECT\DEBUG\GLM.OBJ
C:\USERS\KUNG\DROPBOX\CG (1)\BEYOND_PROJECT\BEYOND_PROJECT\DEBUG\GLMIMG.OBJ
C:\USERS\KUNG\DROPBOX\CG (1)\BEYOND_PROJECT\BEYOND_PROJECT\DEBUG\IMAGELOADER.OBJ
C:\Users\kung\Dropbox\CG (1)\beyond_project\beyond_project\Debug\link.command.1.tlog
C:\Users\kung\Dropbox\CG (1)\beyond_project\beyond_project\Debug\link.read.1.tlog
C:\Users\kung\Dropbox\CG (1)\beyond_project\beyond_project\Debug\link.write.1.tlog
C:\USERS\KUNG\DROPBOX\CG (1)\BEYOND_PROJECT\BEYOND_PROJECT\DEBUG\MAIN.OBJ
C:\Users\kung\Dropbox\CG (1)\beyond_project\beyond_project\Debug\mt.command.1.tlog
C:\Users\kung\Dropbox\CG (1)\beyond_project\beyond_project\Debug\mt.read.1.tlog
C:\Users\kung\Dropbox\CG (1)\beyond_project\beyond_project\Debug\mt.write.1.tlog
C:\USERS\KUNG\DROPBOX\CG (1)\BEYOND_PROJECT\BEYOND_PROJECT\DEBUG\TEXTURE.OBJ
C:\Users\kung\Dropbox\CG (1)\beyond_project\beyond_project\Debug\vc100.idb
C:\USERS\KUNG\DROPBOX\CG (1)\BEYOND_PROJECT\BEYOND_PROJECT\DEBUG\VC100.PDB
C:\USERS\KUNG\DROPBOX\CG (1)\BEYOND_PROJECT\DEBUG\BEYOND_PROJECT.EXE
C:\USERS\KUNG\DROPBOX\CG (1)\BEYOND_PROJECT\DEBUG\BEYOND_PROJECT.ILK
C:\USERS\KUNG\DROPBOX\CG (1)\BEYOND_PROJECT\DEBUG\BEYOND_PROJECT.PDB
